<?xml version="1.0" encoding="UTF-8"?>
<coverage generated="1562749100421" clover="3.2.0">
  <project timestamp="1562749100421" name="All files">
    <metrics statements="4" coveredstatements="2" conditionals="0" coveredconditionals="0" methods="2" coveredmethods="0" elements="6" coveredelements="2" complexity="0" loc="4" ncloc="4" packages="2" files="2" classes="2">
      <package name="src.components.infoPopUp">
        <metrics statements="3" coveredstatements="1" conditionals="0" coveredconditionals="0" methods="2" coveredmethods="0"/>
        <file name="infoPopUp.vue" path="/home/pascal/workSpace/www-dev/public/albums_photos_antoine_2/src/components/infoPopUp/infoPopUp.vue">
          <metrics statements="3" coveredstatements="1" conditionals="0" coveredconditionals="0" methods="2" coveredmethods="0"/>
          <line num="21" count="1" type="stmt"/>
          <line num="31" count="0" type="stmt"/>
          <line num="36" count="0" type="stmt"/>
        </file>
      </package>
      <package name="test.unit">
        <metrics statements="1" coveredstatements="1" conditionals="0" coveredconditionals="0" methods="0" coveredmethods="0"/>
        <file name="setup.js" path="/home/pascal/workSpace/www-dev/public/albums_photos_antoine_2/test/unit/setup.js">
          <metrics statements="1" coveredstatements="1" conditionals="0" coveredconditionals="0" methods="0" coveredmethods="0"/>
          <line num="3" count="1" type="stmt"/>
        </file>
      </package>
    </metrics>
  </project>
</coverage>
