{"/home/pascal/workSpace/www-dev/public/albums_photos_antoine_2/src/components/infoPopUp/infoPopUp.vue": {"path":"/home/pascal/workSpace/www-dev/public/albums_photos_antoine_2/src/components/infoPopUp/infoPopUp.vue","statementMap":{"0":{"start":{"line":21,"column":0},"end":{"line":null,"column":-1}},"1":{"start":{"line":31,"column":0},"end":{"line":null,"column":-1}},"2":{"start":{"line":36,"column":0},"end":{"line":null,"column":-1}}},"fnMap":{"0":{"name":"imageFile","decl":{"start":{"line":31,"column":0},"end":{"line":null,"column":-1}},"loc":{"start":{"line":31,"column":0},"end":{"line":null,"column":-1}}},"1":{"name":"closeInfoPopUp","decl":{"start":{"line":35,"column":0},"end":{"line":null,"column":-1}},"loc":{"start":{"line":35,"column":0},"end":{"line":37,"column":0}}}},"branchMap":{},"s":{"0":1,"1":0,"2":0},"f":{"0":0,"1":0},"b":{}}
,"/home/pascal/workSpace/www-dev/public/albums_photos_antoine_2/test/unit/setup.js": {"path":"/home/pascal/workSpace/www-dev/public/albums_photos_antoine_2/test/unit/setup.js","statementMap":{"0":{"start":{"line":3,"column":0},"end":{"line":3,"column":32}}},"fnMap":{},"branchMap":{},"s":{"0":1},"f":{},"b":{},"_coverageSchema":"332fd63041d2c1bcb487cc26dd0d5f7d97098a6c","hash":"dd569fbcb9963302314f7b0ecbb80f18a76e430d"}
}
